0 info it worked if it ends with ok
1 verbose cli [ '/usr/local/bin/node', '/usr/local/bin/npm', 'run', 'commit' ]
2 info using npm@3.10.5
3 info using node@v4.4.5
4 verbose stack Error: Failed to parse json
4 verbose stack Unexpected token 't' at 7:6
4 verbose stack     "test": "mocha test/index.test.js",
4 verbose stack      ^
4 verbose stack     at parseError (/usr/local/lib/node_modules/npm/node_modules/read-package-json/read-json.js:390:11)
4 verbose stack     at parseJson (/usr/local/lib/node_modules/npm/node_modules/read-package-json/read-json.js:79:23)
4 verbose stack     at /usr/local/lib/node_modules/npm/node_modules/read-package-json/read-json.js:48:5
4 verbose stack     at /usr/local/lib/node_modules/npm/node_modules/graceful-fs/graceful-fs.js:78:16
4 verbose stack     at FSReqWrap.readFileAfterClose [as oncomplete] (fs.js:380:3)
5 verbose cwd /Users/idb/Desktop/stage/youtube-sdk
6 error Darwin 15.6.0
7 error argv "/usr/local/bin/node" "/usr/local/bin/npm" "run" "commit"
8 error node v4.4.5
9 error npm  v3.10.5
10 error file /Users/idb/Desktop/stage/youtube-sdk/package.json
11 error code EJSONPARSE
12 error Failed to parse json
12 error Unexpected token 't' at 7:6
12 error     "test": "mocha test/index.test.js",
12 error      ^
13 error File: /Users/idb/Desktop/stage/youtube-sdk/package.json
14 error Failed to parse package.json data.
14 error package.json must be actual JSON, not just JavaScript.
14 error
14 error This is not a bug in npm.
14 error Tell the package author to fix their package.json file. JSON.parse
15 verbose exit [ 1, true ]
